[2018-06-11 17:50:03.708] [Info]:-------------------app start---------------------------------- [:0-]
[2018-06-11 17:50:04.447] [Warning]:libpng warning: iCCP: known incorrect sRGB profile [:0-]
[2018-06-11 17:50:04.569] [Warning]:libpng warning: iCCP: known incorrect sRGB profile [:0-]
[2018-06-11 17:50:05.313] [Debug]:vs::GL_COMPILE_STATUS=1 [:0-]
[2018-06-11 17:50:05.313] [Debug]:fs::GL_COMPILE_STATUS=1 [:0-]
[2018-06-11 17:50:05.321] [Debug]:prog_yuv=3 GL_LINK_STATUS=1 [:0-]
[2018-06-21 17:10:48.447] [Info]:-------------------app start---------------------------------- [:0-]
[2018-06-21 17:10:49.013] [Warning]:libpng warning: iCCP: known incorrect sRGB profile [:0-]
[2018-06-21 17:10:49.159] [Warning]:libpng warning: iCCP: known incorrect sRGB profile [:0-]
[2018-06-21 17:10:50.047] [Debug]:vs::GL_COMPILE_STATUS=1 [:0-]
[2018-06-21 17:10:50.047] [Debug]:fs::GL_COMPILE_STATUS=1 [:0-]
[2018-06-21 17:10:50.092] [Debug]:prog_yuv=3 GL_LINK_STATUS=1 [:0-]
[2018-06-21 17:10:50.093] [Debug]:loadYUVShader ok [:0-]
[2018-06-21 17:12:09.860] [Info]:-------------------app start---------------------------------- [:0-]
[2018-06-21 17:12:09.978] [Warning]:libpng warning: iCCP: known incorrect sRGB profile [:0-]
[2018-06-21 17:12:09.979] [Warning]:libpng warning: iCCP: known incorrect sRGB profile [:0-]
[2018-06-21 17:12:10.421] [Debug]:vs::GL_COMPILE_STATUS=1 [:0-]
[2018-06-21 17:12:10.421] [Debug]:fs::GL_COMPILE_STATUS=1 [:0-]
[2018-06-21 17:12:10.428] [Debug]:prog_yuv=3 GL_LINK_STATUS=1 [:0-]
[2018-06-21 17:12:10.429] [Debug]:loadYUVShader ok [:0-]
[2018-06-21 17:23:29.735] [Info]:-------------------app start---------------------------------- [:0-]
[2018-06-21 17:23:29.845] [Warning]:libpng warning: iCCP: known incorrect sRGB profile [:0-]
[2018-06-21 17:23:29.847] [Warning]:libpng warning: iCCP: known incorrect sRGB profile [:0-]
[2018-06-21 17:23:30.247] [Debug]:vs::GL_COMPILE_STATUS=1 [:0-]
[2018-06-21 17:23:30.247] [Debug]:fs::GL_COMPILE_STATUS=1 [:0-]
[2018-06-21 17:23:30.255] [Debug]:prog_yuv=3 GL_LINK_STATUS=1 [:0-]
[2018-06-21 17:23:30.255] [Debug]:loadYUVShader ok [:0-]
[2018-06-21 17:29:09.896] [Warning]:libpng warning: iCCP: known incorrect sRGB profile [:0-]
[2018-06-21 17:29:31.265] [Warning]:libpng warning: iCCP: known incorrect sRGB profile [:0-]
[2018-06-28 13:05:39.013] [Info]:-------------------app start---------------------------------- [:0-]
[2018-06-28 13:05:39.808] [Warning]:libpng warning: iCCP: known incorrect sRGB profile [:0-]
[2018-06-28 13:05:39.954] [Warning]:libpng warning: iCCP: known incorrect sRGB profile [:0-]
[2018-06-28 13:05:41.339] [Debug]:vs::GL_COMPILE_STATUS=1 [:0-]
[2018-06-28 13:05:41.339] [Debug]:fs::GL_COMPILE_STATUS=1 [:0-]
[2018-06-28 13:05:41.354] [Debug]:prog_yuv=3 GL_LINK_STATUS=1 [:0-]
[2018-06-28 13:05:41.354] [Debug]:loadYUVShader ok [:0-]
[2018-06-28 13:05:43.167] [Warning]:libpng warning: iCCP: known incorrect sRGB profile [:0-]
